\BOOKMARK [1][-]{section.1}{Planning}{}% 1
\BOOKMARK [1][-]{section.2}{Introduction}{}% 2
\BOOKMARK [1][-]{section.3}{Background info}{}% 3
\BOOKMARK [2][-]{subsection.3.1}{TEM}{section.3}% 4
\BOOKMARK [3][-]{subsubsection.3.1.1}{EELS of the TEM}{subsection.3.1}% 5
\BOOKMARK [3][-]{subsubsection.3.1.2}{Low loss spectrum}{subsection.3.1}% 6
\BOOKMARK [2][-]{subsection.3.2}{Dielectric function}{section.3}% 7
\BOOKMARK [1][-]{section.4}{Calculations on the spectrum}{}% 8
\BOOKMARK [2][-]{subsection.4.1}{Approximating continious Fourier transform with dicrete Fourier transform}{section.4}% 9
\BOOKMARK [3][-]{subsubsection.4.1.1}{Original definitions}{subsection.4.1}% 10
\BOOKMARK [3][-]{subsubsection.4.1.2}{Discrete approximation CFT}{subsection.4.1}% 11
\BOOKMARK [3][-]{subsubsection.4.1.3}{Convolutions}{subsection.4.1}% 12
\BOOKMARK [3][-]{subsubsection.4.1.4}{Other calculations on CFTs}{subsection.4.1}% 13
\BOOKMARK [2][-]{subsection.4.2}{Obtaining the single scattering distribution}{section.4}% 14
\BOOKMARK [3][-]{subsubsection.4.2.1}{Build-up of measured spectrum}{subsection.4.2}% 15
\BOOKMARK [2][-]{subsection.4.3}{Kramer-Kronig relations}{section.4}% 16
\BOOKMARK [3][-]{subsubsection.4.3.1}{Spectrum analysis}{subsection.4.3}% 17
\BOOKMARK [3][-]{subsubsection.4.3.2}{Step 1: rescaling intensity}{subsection.4.3}% 18
\BOOKMARK [3][-]{subsubsection.4.3.3}{Step 2: extrapolating}{subsection.4.3}% 19
\BOOKMARK [3][-]{subsubsection.4.3.4}{Step 3: normalisation and retrieving Im[1\(E\)]}{subsection.4.3}% 20
\BOOKMARK [3][-]{subsubsection.4.3.5}{Step 4: retrieving Re[1\(E\)] }{subsection.4.3}% 21
\BOOKMARK [3][-]{subsubsection.4.3.6}{Step 5: retrieving }{subsection.4.3}% 22
